<?xml version="1.0" encoding="UTF-8"?>
<!-- Generated by org.testng.reporters.JUnitReportReporter -->
<testsuite hostname="DESKTOP-GJMMGMN" failures="0" tests="2" name="pack1.HomePageTest" time="0.020" errors="0" timestamp="2021-07-20T08:02:48 IST" skipped="0">
  <testcase classname="pack1.HomePageTest" name="updateStore" time="0.002"/>
  <system-out/>
  <testcase classname="pack1.HomePageTest" name="order" time="0.018"/>
  <system-out/>
</testsuite> <!-- pack1.HomePageTest -->
