<?xml version="1.0" encoding="UTF-8"?>
<!-- Generated by org.testng.reporters.JUnitReportReporter -->
<testsuite hostname="DESKTOP-GJMMGMN" failures="0" tests="2" name="pack2.LoginPageTest" time="0.004" errors="0" timestamp="2021-07-20T08:02:48 IST" skipped="0">
  <testcase classname="pack2.LoginPageTest" name="verifyLoginwithCorrectPassword" time="0.001"/>
  <system-out/>
  <testcase classname="pack2.LoginPageTest" name="verifyLoginwithIncorrectPassword" time="0.003"/>
  <system-out/>
</testsuite> <!-- pack2.LoginPageTest -->
