<?xml version="1.0" encoding="UTF-8"?>
<!-- Generated by org.testng.reporters.JUnitReportReporter -->
<testsuite skipped="0" hostname="DESKTOP-GJMMGMN" name="pack1.HomePageTest" tests="2" failures="0" timestamp="2021-07-20T08:18:30 IST" time="0.007" errors="0">
  <testcase name="order" time="0.007" classname="pack1.HomePageTest"/>
  <system-out/>
  <testcase name="updateStore" time="0.000" classname="pack1.HomePageTest"/>
  <system-out/>
</testsuite> <!-- pack1.HomePageTest -->
