<?xml version="1.0" encoding="UTF-8"?>
<!-- Generated by org.testng.reporters.JUnitReportReporter -->
<testsuite skipped="0" hostname="DESKTOP-GJMMGMN" name="pack2.LoginPageTest" tests="2" failures="0" timestamp="2021-07-20T08:18:11 IST" time="0.000" errors="0">
  <testcase name="verifyLoginwithIncorrectPassword" time="0.000" classname="pack2.LoginPageTest"/>
  <system-out/>
  <testcase name="verifyLoginwithCorrectPassword" time="0.000" classname="pack2.LoginPageTest"/>
  <system-out/>
</testsuite> <!-- pack2.LoginPageTest -->
